11:45:07.908 [main] INFO  org.testng.internal.Utils - [TestNG] Running:
  C:\Users\ssenapathy\eclipse-workspace\opencartV121\crossbrowserParrallel.xml

11:45:23.365 [TestNG-tests-1] INFO  testCases.TC001_AccountRegistrationTest - *** Starting of TC001 ***
11:45:23.534 [TestNG-tests-1] INFO  testCases.TC001_AccountRegistrationTest - Clicking on MyAccount..
11:45:24.226 [TestNG-tests-1] INFO  testCases.TC001_AccountRegistrationTest - Clicking on Register..
11:45:24.229 [TestNG-tests-1] INFO  testCases.TC001_AccountRegistrationTest - Providing customer details..
11:45:26.218 [TestNG-tests-1] INFO  testCases.TC001_AccountRegistrationTest - Validating expected message..
11:45:26.268 [TestNG-tests-1] INFO  testCases.TC001_AccountRegistrationTest - *** End of TC001 ***
11:45:28.497 [TestNG-tests-2] INFO  testCases.TC001_AccountRegistrationTest - *** Starting of TC001 ***
11:45:28.782 [TestNG-tests-2] INFO  testCases.TC001_AccountRegistrationTest - Clicking on MyAccount..
11:45:29.197 [TestNG-tests-2] INFO  testCases.TC001_AccountRegistrationTest - Clicking on Register..
11:45:29.203 [TestNG-tests-2] INFO  testCases.TC001_AccountRegistrationTest - Providing customer details..
11:45:29.975 [TestNG-tests-2] INFO  testCases.TC001_AccountRegistrationTest - Validating expected message..
11:45:30.615 [TestNG-tests-2] INFO  testCases.TC001_AccountRegistrationTest - *** End of TC001 ***
17:05:04.835 [main] INFO  org.testng.internal.Utils - [TestNG] Running:
  C:\Users\ssenapathy\eclipse-workspace\opencartV121\master.xml

17:05:20.649 [main] INFO  testCases.TC001_AccountRegistrationTest - *** Starting of TC001 ***
17:05:20.933 [main] INFO  testCases.TC001_AccountRegistrationTest - Clicking on MyAccount..
17:05:21.499 [main] INFO  testCases.TC001_AccountRegistrationTest - Clicking on Register..
17:05:21.505 [main] INFO  testCases.TC001_AccountRegistrationTest - Providing customer details..
17:05:23.631 [main] INFO  testCases.TC001_AccountRegistrationTest - Validating expected message..
17:05:23.729 [main] INFO  testCases.TC001_AccountRegistrationTest - *** End of TC001 ***
17:05:38.424 [main] INFO  testCases.TC002_LoginTest - Starting the test case TC002
17:05:40.221 [main] INFO  testCases.TC002_LoginTest - Finishing the test case TC002
19:12:56.436 [main] INFO  org.testng.internal.Utils - [TestNG] Running:
  C:\Users\ssenapathy\eclipse-workspace\opencartV121\master.xml

19:13:11.998 [main] INFO  testCases.TC003_LoginDataDriTest - Starting of Test case TC003
19:13:13.903 [main] INFO  testCases.TC003_LoginDataDriTest - Ending of Test case TC003
19:13:13.916 [main] INFO  testCases.TC003_LoginDataDriTest - Starting of Test case TC003
19:13:15.809 [main] INFO  testCases.TC003_LoginDataDriTest - Starting of Test case TC003
19:13:27.338 [main] INFO  testCases.TC003_LoginDataDriTest - Ending of Test case TC003
19:13:27.338 [main] INFO  testCases.TC003_LoginDataDriTest - Starting of Test case TC003
19:13:29.319 [main] INFO  testCases.TC003_LoginDataDriTest - Ending of Test case TC003
19:15:13.088 [main] INFO  org.testng.internal.Utils - [Utils] MethodGroupsHelper.collectMethodsByGroup() took 4 ms.
19:15:13.094 [main] INFO  org.testng.internal.Utils - [Utils] MethodGroupsHelper.sortMethods() took 1 ms.
19:15:13.095 [main] INFO  org.testng.internal.Utils - [Utils] MethodGroupsHelper.collectMethodsByGroup() took 0 ms.
19:15:13.096 [main] INFO  org.testng.internal.Utils - [Utils] MethodGroupsHelper.sortMethods() took 1 ms.
19:15:13.096 [main] INFO  org.testng.internal.Utils - [Utils] MethodGroupsHelper.collectMethodsByGroup() took 0 ms.
19:15:13.096 [main] INFO  org.testng.internal.Utils - [Utils] MethodGroupsHelper.sortMethods() took 0 ms.
19:15:13.096 [main] INFO  org.testng.internal.Utils - [Utils] MethodGroupsHelper.collectMethodsByGroup() took 0 ms.
19:15:13.096 [main] INFO  org.testng.internal.Utils - [Utils] MethodGroupsHelper.sortMethods() took 0 ms.
19:15:13.102 [main] INFO  org.testng.internal.Utils - [Utils] MethodGroupsHelper.collectMethodsByGroup() took 3 ms.
19:15:13.119 [main] INFO  org.testng.internal.Utils - [Utils] MethodGroupsHelper.sortMethods() took 17 ms.
19:15:13.122 [main] INFO  org.testng.internal.Utils - [Utils] MethodGroupsHelper.collectMethodsByGroup() took 0 ms.
19:15:13.123 [main] INFO  org.testng.internal.Utils - [Utils] MethodGroupsHelper.sortMethods() took 0 ms.
19:15:13.124 [main] INFO  org.testng.internal.Utils - [Utils] MethodGroupsHelper.collectMethodsByGroup() took 0 ms.
19:15:13.124 [main] INFO  org.testng.internal.Utils - [Utils] MethodGroupsHelper.sortMethods() took 0 ms.
19:15:13.124 [main] INFO  org.testng.internal.Utils - [Utils] MethodGroupsHelper.collectMethodsByGroup() took 0 ms.
19:15:13.125 [main] INFO  org.testng.internal.Utils - [Utils] MethodGroupsHelper.sortMethods() took 0 ms.
19:15:13.127 [main] INFO  org.testng.internal.Utils - [Utils] MethodGroupsHelper.collectMethodsByGroup() took 0 ms.
19:15:13.127 [main] INFO  org.testng.internal.Utils - [Utils] MethodGroupsHelper.sortMethods() took 0 ms.
